c:\users\sameh\documents\visual studio 2017\projects\huffman\huffman\x64\debug\vc141.pdb
c:\users\sameh\documents\visual studio 2017\projects\huffman\huffman\x64\debug\vc141.idb
c:\users\sameh\documents\visual studio 2017\projects\huffman\huffman\x64\debug\minheap.obj
c:\users\sameh\documents\visual studio 2017\projects\huffman\huffman\x64\debug\main.obj
c:\users\sameh\documents\visual studio 2017\projects\huffman\huffman\x64\debug\huffman.obj
c:\users\sameh\documents\visual studio 2017\projects\huffman\x64\debug\huffman.pdb
c:\users\sameh\documents\visual studio 2017\projects\huffman\huffman\x64\debug\huffman.tlog\cl.command.1.tlog
c:\users\sameh\documents\visual studio 2017\projects\huffman\huffman\x64\debug\huffman.tlog\cl.read.1.tlog
c:\users\sameh\documents\visual studio 2017\projects\huffman\huffman\x64\debug\huffman.tlog\cl.write.1.tlog
c:\users\sameh\documents\visual studio 2017\projects\huffman\huffman\x64\debug\huffman.tlog\link-cvtres.read.1.tlog
c:\users\sameh\documents\visual studio 2017\projects\huffman\huffman\x64\debug\huffman.tlog\link-cvtres.write.1.tlog
c:\users\sameh\documents\visual studio 2017\projects\huffman\huffman\x64\debug\huffman.tlog\link-rc.read.1.tlog
c:\users\sameh\documents\visual studio 2017\projects\huffman\huffman\x64\debug\huffman.tlog\link-rc.write.1.tlog
c:\users\sameh\documents\visual studio 2017\projects\huffman\huffman\x64\debug\huffman.tlog\link.164-cvtres.read.1.tlog
c:\users\sameh\documents\visual studio 2017\projects\huffman\huffman\x64\debug\huffman.tlog\link.164-cvtres.write.1.tlog
c:\users\sameh\documents\visual studio 2017\projects\huffman\huffman\x64\debug\huffman.tlog\link.164-rc.read.1.tlog
c:\users\sameh\documents\visual studio 2017\projects\huffman\huffman\x64\debug\huffman.tlog\link.164-rc.write.1.tlog
c:\users\sameh\documents\visual studio 2017\projects\huffman\huffman\x64\debug\huffman.tlog\link.164.read.1.tlog
c:\users\sameh\documents\visual studio 2017\projects\huffman\huffman\x64\debug\huffman.tlog\link.164.write.1.tlog
c:\users\sameh\documents\visual studio 2017\projects\huffman\huffman\x64\debug\huffman.tlog\link.command.1.tlog
c:\users\sameh\documents\visual studio 2017\projects\huffman\huffman\x64\debug\huffman.tlog\link.read.1.tlog
c:\users\sameh\documents\visual studio 2017\projects\huffman\huffman\x64\debug\huffman.tlog\link.write.1.tlog
